[0.892s] Invoking command in '/home/ericcardinal/trial_project/project_root/src/trial_project': PYTHONPATH=/home/ericcardinal/trial_project/project_root/build/trial_project/prefix_override:/usr/lib/python3/dist-packages/colcon_core/task/python/colcon_distutils_commands:/home/ericcardinal/trial_project/project_root/install/trial_project/lib/python3.10/site-packages:${PYTHONPATH} /usr/bin/python3 -W ignore:setup.py install is deprecated setup.py egg_info --egg-base ../../build/trial_project build --build-base /home/ericcardinal/trial_project/project_root/build/trial_project/build install --record /home/ericcardinal/trial_project/project_root/build/trial_project/install.log --single-version-externally-managed install_data
[1.107s] running egg_info
[1.107s] creating ../../build/trial_project/trial_project.egg-info
[1.108s] writing ../../build/trial_project/trial_project.egg-info/PKG-INFO
[1.108s] writing dependency_links to ../../build/trial_project/trial_project.egg-info/dependency_links.txt
[1.109s] writing entry points to ../../build/trial_project/trial_project.egg-info/entry_points.txt
[1.109s] writing requirements to ../../build/trial_project/trial_project.egg-info/requires.txt
[1.109s] writing top-level names to ../../build/trial_project/trial_project.egg-info/top_level.txt
[1.110s] writing manifest file '../../build/trial_project/trial_project.egg-info/SOURCES.txt'
[1.111s] reading manifest file '../../build/trial_project/trial_project.egg-info/SOURCES.txt'
[1.111s] adding license file 'LICENSE'
[1.111s] writing manifest file '../../build/trial_project/trial_project.egg-info/SOURCES.txt'
[1.112s] running build
[1.112s] running build_py
[1.112s] creating /home/ericcardinal/trial_project/project_root/build/trial_project/build
[1.112s] creating /home/ericcardinal/trial_project/project_root/build/trial_project/build/lib
[1.112s] creating /home/ericcardinal/trial_project/project_root/build/trial_project/build/lib/trial_project
[1.113s] copying trial_project/__init__.py -> /home/ericcardinal/trial_project/project_root/build/trial_project/build/lib/trial_project
[1.113s] running install
[1.113s] running install_lib
[1.114s] creating /home/ericcardinal/trial_project/project_root/install/trial_project/lib/python3.10/site-packages/trial_project
[1.114s] copying /home/ericcardinal/trial_project/project_root/build/trial_project/build/lib/trial_project/__init__.py -> /home/ericcardinal/trial_project/project_root/install/trial_project/lib/python3.10/site-packages/trial_project
[1.115s] byte-compiling /home/ericcardinal/trial_project/project_root/install/trial_project/lib/python3.10/site-packages/trial_project/__init__.py to __init__.cpython-310.pyc
[1.116s] running install_data
[1.116s] creating /home/ericcardinal/trial_project/project_root/install/trial_project/share/ament_index
[1.116s] creating /home/ericcardinal/trial_project/project_root/install/trial_project/share/ament_index/resource_index
[1.116s] creating /home/ericcardinal/trial_project/project_root/install/trial_project/share/ament_index/resource_index/packages
[1.117s] copying resource/trial_project -> /home/ericcardinal/trial_project/project_root/install/trial_project/share/ament_index/resource_index/packages
[1.117s] copying package.xml -> /home/ericcardinal/trial_project/project_root/install/trial_project/share/trial_project
[1.117s] running install_egg_info
[1.119s] Copying ../../build/trial_project/trial_project.egg-info to /home/ericcardinal/trial_project/project_root/install/trial_project/lib/python3.10/site-packages/trial_project-0.0.0-py3.10.egg-info
[1.120s] running install_scripts
[1.147s] writing list of installed files to '/home/ericcardinal/trial_project/project_root/build/trial_project/install.log'
[1.194s] Invoked command in '/home/ericcardinal/trial_project/project_root/src/trial_project' returned '0': PYTHONPATH=/home/ericcardinal/trial_project/project_root/build/trial_project/prefix_override:/usr/lib/python3/dist-packages/colcon_core/task/python/colcon_distutils_commands:/home/ericcardinal/trial_project/project_root/install/trial_project/lib/python3.10/site-packages:${PYTHONPATH} /usr/bin/python3 -W ignore:setup.py install is deprecated setup.py egg_info --egg-base ../../build/trial_project build --build-base /home/ericcardinal/trial_project/project_root/build/trial_project/build install --record /home/ericcardinal/trial_project/project_root/build/trial_project/install.log --single-version-externally-managed install_data
