[0.347s] Invoking command in '/home/ericcardinal/trial_project/src/talker_listener': PYTHONPATH=/home/ericcardinal/trial_project/build/talker_listener/prefix_override:/usr/lib/python3/dist-packages/colcon_core/task/python/colcon_distutils_commands:/home/ericcardinal/trial_project/install/talker_listener/lib/python3.10/site-packages:${PYTHONPATH} /usr/bin/python3 -W ignore:setup.py install is deprecated setup.py egg_info --egg-base ../../build/talker_listener build --build-base /home/ericcardinal/trial_project/build/talker_listener/build install --record /home/ericcardinal/trial_project/build/talker_listener/install.log --single-version-externally-managed install_data
[0.468s] running egg_info
[0.468s] writing ../../build/talker_listener/talker_listener.egg-info/PKG-INFO
[0.469s] writing dependency_links to ../../build/talker_listener/talker_listener.egg-info/dependency_links.txt
[0.469s] writing entry points to ../../build/talker_listener/talker_listener.egg-info/entry_points.txt
[0.469s] writing requirements to ../../build/talker_listener/talker_listener.egg-info/requires.txt
[0.469s] writing top-level names to ../../build/talker_listener/talker_listener.egg-info/top_level.txt
[0.470s] reading manifest file '../../build/talker_listener/talker_listener.egg-info/SOURCES.txt'
[0.470s] writing manifest file '../../build/talker_listener/talker_listener.egg-info/SOURCES.txt'
[0.471s] running build
[0.471s] running build_py
[0.471s] copying talker_listener/talker_node.py -> /home/ericcardinal/trial_project/build/talker_listener/build/lib/talker_listener
[0.471s] running install
[0.471s] running install_lib
[0.471s] copying /home/ericcardinal/trial_project/build/talker_listener/build/lib/talker_listener/talker_node.py -> /home/ericcardinal/trial_project/install/talker_listener/lib/python3.10/site-packages/talker_listener
[0.472s] byte-compiling /home/ericcardinal/trial_project/install/talker_listener/lib/python3.10/site-packages/talker_listener/talker_node.py to talker_node.cpython-310.pyc
[0.472s] running install_data
[0.472s] running install_egg_info
[0.473s] removing '/home/ericcardinal/trial_project/install/talker_listener/lib/python3.10/site-packages/talker_listener-0.0.0-py3.10.egg-info' (and everything under it)
[0.473s] Copying ../../build/talker_listener/talker_listener.egg-info to /home/ericcardinal/trial_project/install/talker_listener/lib/python3.10/site-packages/talker_listener-0.0.0-py3.10.egg-info
[0.474s] running install_scripts
[0.488s] Installing talkerNode script to /home/ericcardinal/trial_project/install/talker_listener/lib/talker_listener
[0.489s] writing list of installed files to '/home/ericcardinal/trial_project/build/talker_listener/install.log'
[0.514s] Invoked command in '/home/ericcardinal/trial_project/src/talker_listener' returned '0': PYTHONPATH=/home/ericcardinal/trial_project/build/talker_listener/prefix_override:/usr/lib/python3/dist-packages/colcon_core/task/python/colcon_distutils_commands:/home/ericcardinal/trial_project/install/talker_listener/lib/python3.10/site-packages:${PYTHONPATH} /usr/bin/python3 -W ignore:setup.py install is deprecated setup.py egg_info --egg-base ../../build/talker_listener build --build-base /home/ericcardinal/trial_project/build/talker_listener/build install --record /home/ericcardinal/trial_project/build/talker_listener/install.log --single-version-externally-managed install_data
