[0.373s] Invoking command in '/home/ericcardinal/trial_project/src/talker_listener': PYTHONPATH=/home/ericcardinal/trial_project/build/talker_listener/prefix_override:/usr/lib/python3/dist-packages/colcon_core/task/python/colcon_distutils_commands:/home/ericcardinal/trial_project/install/talker_listener/lib/python3.10/site-packages:${PYTHONPATH} /usr/bin/python3 -W ignore:setup.py install is deprecated setup.py egg_info --egg-base ../../build/talker_listener build --build-base /home/ericcardinal/trial_project/build/talker_listener/build install --record /home/ericcardinal/trial_project/build/talker_listener/install.log --single-version-externally-managed install_data
[0.502s] running egg_info
[0.502s] writing ../../build/talker_listener/talker_listener.egg-info/PKG-INFO
[0.503s] writing dependency_links to ../../build/talker_listener/talker_listener.egg-info/dependency_links.txt
[0.503s] writing entry points to ../../build/talker_listener/talker_listener.egg-info/entry_points.txt
[0.503s] writing requirements to ../../build/talker_listener/talker_listener.egg-info/requires.txt
[0.503s] writing top-level names to ../../build/talker_listener/talker_listener.egg-info/top_level.txt
[0.505s] reading manifest file '../../build/talker_listener/talker_listener.egg-info/SOURCES.txt'
[0.506s] writing manifest file '../../build/talker_listener/talker_listener.egg-info/SOURCES.txt'
[0.506s] running build
[0.506s] running build_py
[0.506s] copying talker_listener/listener_node.py -> /home/ericcardinal/trial_project/build/talker_listener/build/lib/talker_listener
[0.506s] copying talker_listener/talker_node.py -> /home/ericcardinal/trial_project/build/talker_listener/build/lib/talker_listener
[0.507s] running install
[0.507s] running install_lib
[0.508s] copying /home/ericcardinal/trial_project/build/talker_listener/build/lib/talker_listener/listener_node.py -> /home/ericcardinal/trial_project/install/talker_listener/lib/python3.10/site-packages/talker_listener
[0.509s] copying /home/ericcardinal/trial_project/build/talker_listener/build/lib/talker_listener/talker_node.py -> /home/ericcardinal/trial_project/install/talker_listener/lib/python3.10/site-packages/talker_listener
[0.509s] byte-compiling /home/ericcardinal/trial_project/install/talker_listener/lib/python3.10/site-packages/talker_listener/listener_node.py to listener_node.cpython-310.pyc
[0.510s] byte-compiling /home/ericcardinal/trial_project/install/talker_listener/lib/python3.10/site-packages/talker_listener/talker_node.py to talker_node.cpython-310.pyc
[0.510s] running install_data
[0.510s] running install_egg_info
[0.511s] removing '/home/ericcardinal/trial_project/install/talker_listener/lib/python3.10/site-packages/talker_listener-0.0.0-py3.10.egg-info' (and everything under it)
[0.511s] Copying ../../build/talker_listener/talker_listener.egg-info to /home/ericcardinal/trial_project/install/talker_listener/lib/python3.10/site-packages/talker_listener-0.0.0-py3.10.egg-info
[0.512s] running install_scripts
[0.527s] Installing listenerNode script to /home/ericcardinal/trial_project/install/talker_listener/lib/talker_listener
[0.527s] Installing talkerNode script to /home/ericcardinal/trial_project/install/talker_listener/lib/talker_listener
[0.528s] writing list of installed files to '/home/ericcardinal/trial_project/build/talker_listener/install.log'
[0.547s] Invoked command in '/home/ericcardinal/trial_project/src/talker_listener' returned '0': PYTHONPATH=/home/ericcardinal/trial_project/build/talker_listener/prefix_override:/usr/lib/python3/dist-packages/colcon_core/task/python/colcon_distutils_commands:/home/ericcardinal/trial_project/install/talker_listener/lib/python3.10/site-packages:${PYTHONPATH} /usr/bin/python3 -W ignore:setup.py install is deprecated setup.py egg_info --egg-base ../../build/talker_listener build --build-base /home/ericcardinal/trial_project/build/talker_listener/build install --record /home/ericcardinal/trial_project/build/talker_listener/install.log --single-version-externally-managed install_data
