[0.355s] Invoking command in '/home/ericcardinal/trial_project/src/talker_listener': PYTHONPATH=/home/ericcardinal/trial_project/src/build/talker_listener/prefix_override:/usr/lib/python3/dist-packages/colcon_core/task/python/colcon_distutils_commands:/home/ericcardinal/trial_project/src/install/talker_listener/lib/python3.10/site-packages:${PYTHONPATH} /usr/bin/python3 -W ignore:setup.py install is deprecated setup.py egg_info --egg-base ../build/talker_listener build --build-base /home/ericcardinal/trial_project/src/build/talker_listener/build install --record /home/ericcardinal/trial_project/src/build/talker_listener/install.log --single-version-externally-managed install_data
[0.477s] running egg_info
[0.477s] creating ../build/talker_listener/talker_listener.egg-info
[0.478s] writing ../build/talker_listener/talker_listener.egg-info/PKG-INFO
[0.478s] writing dependency_links to ../build/talker_listener/talker_listener.egg-info/dependency_links.txt
[0.478s] writing entry points to ../build/talker_listener/talker_listener.egg-info/entry_points.txt
[0.478s] writing requirements to ../build/talker_listener/talker_listener.egg-info/requires.txt
[0.478s] writing top-level names to ../build/talker_listener/talker_listener.egg-info/top_level.txt
[0.478s] writing manifest file '../build/talker_listener/talker_listener.egg-info/SOURCES.txt'
[0.479s] reading manifest file '../build/talker_listener/talker_listener.egg-info/SOURCES.txt'
[0.479s] writing manifest file '../build/talker_listener/talker_listener.egg-info/SOURCES.txt'
[0.479s] running build
[0.480s] running build_py
[0.480s] creating /home/ericcardinal/trial_project/src/build/talker_listener/build
[0.480s] creating /home/ericcardinal/trial_project/src/build/talker_listener/build/lib
[0.480s] creating /home/ericcardinal/trial_project/src/build/talker_listener/build/lib/talker_listener
[0.480s] copying talker_listener/listener_node.py -> /home/ericcardinal/trial_project/src/build/talker_listener/build/lib/talker_listener
[0.488s] copying talker_listener/__init__.py -> /home/ericcardinal/trial_project/src/build/talker_listener/build/lib/talker_listener
[0.489s] copying talker_listener/talker_node.py -> /home/ericcardinal/trial_project/src/build/talker_listener/build/lib/talker_listener
[0.489s] running install
[0.490s] running install_lib
[0.490s] creating /home/ericcardinal/trial_project/src/install/talker_listener/lib/python3.10/site-packages/talker_listener
[0.491s] copying /home/ericcardinal/trial_project/src/build/talker_listener/build/lib/talker_listener/listener_node.py -> /home/ericcardinal/trial_project/src/install/talker_listener/lib/python3.10/site-packages/talker_listener
[0.491s] copying /home/ericcardinal/trial_project/src/build/talker_listener/build/lib/talker_listener/__init__.py -> /home/ericcardinal/trial_project/src/install/talker_listener/lib/python3.10/site-packages/talker_listener
[0.491s] copying /home/ericcardinal/trial_project/src/build/talker_listener/build/lib/talker_listener/talker_node.py -> /home/ericcardinal/trial_project/src/install/talker_listener/lib/python3.10/site-packages/talker_listener
[0.492s] byte-compiling /home/ericcardinal/trial_project/src/install/talker_listener/lib/python3.10/site-packages/talker_listener/listener_node.py to listener_node.cpython-310.pyc
[0.493s] byte-compiling /home/ericcardinal/trial_project/src/install/talker_listener/lib/python3.10/site-packages/talker_listener/__init__.py to __init__.cpython-310.pyc
[0.493s] byte-compiling /home/ericcardinal/trial_project/src/install/talker_listener/lib/python3.10/site-packages/talker_listener/talker_node.py to talker_node.cpython-310.pyc
[0.493s] running install_data
[0.493s] creating /home/ericcardinal/trial_project/src/install/talker_listener/share/ament_index
[0.493s] creating /home/ericcardinal/trial_project/src/install/talker_listener/share/ament_index/resource_index
[0.493s] creating /home/ericcardinal/trial_project/src/install/talker_listener/share/ament_index/resource_index/packages
[0.494s] copying resource/talker_listener -> /home/ericcardinal/trial_project/src/install/talker_listener/share/ament_index/resource_index/packages
[0.494s] copying package.xml -> /home/ericcardinal/trial_project/src/install/talker_listener/share/talker_listener
[0.494s] running install_egg_info
[0.495s] Copying ../build/talker_listener/talker_listener.egg-info to /home/ericcardinal/trial_project/src/install/talker_listener/lib/python3.10/site-packages/talker_listener-0.0.0-py3.10.egg-info
[0.496s] running install_scripts
[0.510s] Installing listenerNode script to /home/ericcardinal/trial_project/src/install/talker_listener/lib/talker_listener
[0.510s] Installing talkerNode script to /home/ericcardinal/trial_project/src/install/talker_listener/lib/talker_listener
[0.511s] writing list of installed files to '/home/ericcardinal/trial_project/src/build/talker_listener/install.log'
[0.534s] Invoked command in '/home/ericcardinal/trial_project/src/talker_listener' returned '0': PYTHONPATH=/home/ericcardinal/trial_project/src/build/talker_listener/prefix_override:/usr/lib/python3/dist-packages/colcon_core/task/python/colcon_distutils_commands:/home/ericcardinal/trial_project/src/install/talker_listener/lib/python3.10/site-packages:${PYTHONPATH} /usr/bin/python3 -W ignore:setup.py install is deprecated setup.py egg_info --egg-base ../build/talker_listener build --build-base /home/ericcardinal/trial_project/src/build/talker_listener/build install --record /home/ericcardinal/trial_project/src/build/talker_listener/install.log --single-version-externally-managed install_data
